<?xml version="1.0" encoding="UTF-8"?>
<testng-results ignored="0" total="1" passed="1" failed="0" skipped="0">
  <reporter-output>
    <line>
      <![CDATA[Extent Report Directory/Users/mosharafhossain/IdeaProjects/WebAutomation_Framework_Selenium_Mine/Amazon/target/surefire-reports/html]]>
    </line>
  </reporter-output>
  <suite started-at="2020-11-03T15:00:01 EST" name="TestSuit" finished-at="2020-11-03T15:00:17 EST" duration-ms="15841">
    <groups>
    </groups>
    <test started-at="2020-11-03T15:00:01 EST" name="Amazon Automation" finished-at="2020-11-03T15:00:17 EST" duration-ms="15841">
      <class name="testhome.HomePageTest">
        <test-method is-config="true" signature="extentSetUp(org.testng.ITestContext)[pri:0, instance:testhome.HomePageTest@55040f2f]" started-at="2020-11-03T15:00:01 EST" name="extentSetUp" finished-at="2020-11-03T15:00:01 EST" duration-ms="136" status="PASS">
          <params>
            <param index="0">
              <value>
                <![CDATA[org.testng.TestRunner@54361a9]]>
              </value>
            </param>
          </params>
          <reporter-output>
            <line>
              <![CDATA[Extent Report Directory/Users/mosharafhossain/IdeaProjects/WebAutomation_Framework_Selenium_Mine/Amazon/target/surefire-reports/html]]>
            </line>
          </reporter-output>
        </test-method> <!-- extentSetUp -->
        <test-method is-config="true" signature="setUp(boolean, java.lang.String, java.lang.String, java.lang.String, java.lang.String, java.lang.String, java.lang.String)[pri:0, instance:testhome.HomePageTest@55040f2f]" started-at="2020-11-03T15:00:01 EST" name="setUp" finished-at="2020-11-03T15:00:04 EST" duration-ms="3209" status="PASS">
          <params>
            <param index="0">
              <value>
                <![CDATA[false]]>
              </value>
            </param>
            <param index="1">
              <value>
                <![CDATA[browserStack]]>
              </value>
            </param>
            <param index="2">
              <value>
                <![CDATA[OS X]]>
              </value>
            </param>
            <param index="3">
              <value>
                <![CDATA[Catalina]]>
              </value>
            </param>
            <param index="4">
              <value>
                <![CDATA[chrome]]>
              </value>
            </param>
            <param index="5">
              <value>
                <![CDATA[86]]>
              </value>
            </param>
            <param index="6">
              <value>
                <![CDATA[https://www.amazon.com/]]>
              </value>
            </param>
          </params>
          <reporter-output>
          </reporter-output>
        </test-method> <!-- setUp -->
        <test-method is-config="true" signature="startExtent(java.lang.reflect.Method)[pri:0, instance:testhome.HomePageTest@55040f2f]" started-at="2020-11-03T15:00:04 EST" name="startExtent" finished-at="2020-11-03T15:00:04 EST" duration-ms="3" status="PASS">
          <params>
            <param index="0">
              <value>
                <![CDATA[public void testhome.HomePageTest.testSearchBox1() throws java.lang.InterruptedException]]>
              </value>
            </param>
          </params>
          <reporter-output>
          </reporter-output>
        </test-method> <!-- startExtent -->
        <test-method is-config="true" signature="getInit()[pri:0, instance:testhome.HomePageTest@55040f2f]" started-at="2020-11-03T15:00:04 EST" name="getInit" finished-at="2020-11-03T15:00:04 EST" duration-ms="17" status="PASS">
          <reporter-output>
          </reporter-output>
        </test-method> <!-- getInit -->
        <test-method signature="testSearchBox1()[pri:0, instance:testhome.HomePageTest@55040f2f]" started-at="2020-11-03T15:00:04 EST" name="testSearchBox1" finished-at="2020-11-03T15:00:16 EST" duration-ms="12455" status="PASS">
          <reporter-output>
          </reporter-output>
        </test-method> <!-- testSearchBox1 -->
        <test-method is-config="true" signature="afterEachTestMethod(org.testng.ITestResult)[pri:0, instance:testhome.HomePageTest@55040f2f]" started-at="2020-11-03T15:00:16 EST" name="afterEachTestMethod" finished-at="2020-11-03T15:00:16 EST" duration-ms="1" status="PASS">
          <params>
            <param index="0">
              <value>
                <![CDATA[[TestResult name=testSearchBox1 status=SUCCESS method=HomePageTest.testSearchBox1()[pri:0, instance:testhome.HomePageTest@55040f2f] output={null}]]]>
              </value>
            </param>
          </params>
          <reporter-output>
          </reporter-output>
        </test-method> <!-- afterEachTestMethod -->
        <test-method is-config="true" signature="cleanUp()[pri:0, instance:testhome.HomePageTest@55040f2f]" started-at="2020-11-03T15:00:16 EST" name="cleanUp" finished-at="2020-11-03T15:00:17 EST" duration-ms="144" status="PASS">
          <reporter-output>
          </reporter-output>
        </test-method> <!-- cleanUp -->
      </class> <!-- testhome.HomePageTest -->
    </test> <!-- Amazon Automation -->
  </suite> <!-- TestSuit -->
</testng-results>
